<?xml version="1.0" encoding="UTF-8"?>
<!-- Generated by org.testng.reporters.JUnitXMLReporter -->
<testsuite ignored="0" hostname="ampc41-All-Series" failures="1" tests="14" name="99 flows test cases" time="76.643" errors="0" timestamp="2022-07-22T17:12:15 IST">
  <testcase classname="com.app.testcases.loginPageTest" name="loginPageTitleTest" time="0.023"/>
  <testcase classname="com.app.testcases.loginPageTest" name="loginTest" time="0.296"/>
  <testcase classname="com.app.testcases.HomePageTest" name="HomePagetitleTest" time="0.013"/>
  <testcase classname="com.app.testcases.HomePageTest" name="verifyHomepageInboxTest" time="1.052"/>
  <testcase classname="com.app.testcases.HomePageTest" name="clickonFlowsTest" time="0.724"/>
  <testcase classname="com.app.testcases.HomePageTest" name="clickOnDatasetTest" time="0.762"/>
  <testcase classname="com.app.testcases.HomePageTest" name="verifyProfileImageTest" time="0.627"/>
  <testcase classname="com.app.testcases.HomePageTest" name="createFlowTest" time="4.255"/>
  <testcase classname="com.app.testcases.HomePageTest" name="createFlowTest" time="11.033">
    <failure type="org.openqa.selenium.NoSuchElementException" message="no such element: Unable to locate element: {&amp;quot;method&amp;quot;:&amp;quot;xpath&amp;quot;,&amp;quot;selector&amp;quot;:&amp;quot;//*[@id=&amp;quot;drawer-root&amp;quot;]/div/div[1]/div[1]/div/div/div/form/div[1]/input&amp;quot;}
  (Session info: chrome=103.0.5060.134)
For documentation on this error, please visit: https://selenium.dev/exceptions/#no_such_element
Build info: version: &amp;apos;4.3.0&amp;apos;, revision: &amp;apos;a4995e2c09*&amp;apos;
System info: host: &amp;apos;ampc41-All-Series&amp;apos;, ip: &amp;apos;127.0.1.1&amp;apos;, os.name: &amp;apos;Linux&amp;apos;, os.arch: &amp;apos;amd64&amp;apos;, os.version: &amp;apos;5.15.0-41-generic&amp;apos;, java.version: &amp;apos;11.0.15&amp;apos;
Driver info: org.openqa.selenium.chrome.ChromeDriver
Command: [5860ae8fc64c2a50354702d10f4afa81, findElement {using=xpath, value=//*[@id=&amp;quot;drawer-root&amp;quot;]/div/div[1]/div[1]/div/div/div/form/div[1]/input}]
Capabilities {acceptInsecureCerts: false, browserName: chrome, browserVersion: 103.0.5060.134, chrome: {chromedriverVersion: 103.0.5060.53 (a1711811edd7..., userDataDir: /tmp/.com.google.Chrome.0nFBwK}, goog:chromeOptions: {debuggerAddress: localhost:41277}, networkConnectionEnabled: false, pageLoadStrategy: normal, platformName: LINUX, proxy: Proxy(), se:cdp: ws://localhost:41277/devtoo..., se:cdpVersion: 103.0.5060.134, setWindowRect: true, strictFileInteractability: false, timeouts: {implicit: 0, pageLoad: 300000, script: 30000}, unhandledPromptBehavior: dismiss and notify, webauthn:extension:credBlob: true, webauthn:extension:largeBlob: true, webauthn:virtualAuthenticators: true}
Session ID: 5860ae8fc64c2a50354702d10f4afa81">
      <![CDATA[org.openqa.selenium.NoSuchElementException: no such element: Unable to locate element: {"method":"xpath","selector":"//*[@id="drawer-root"]/div/div[1]/div[1]/div/div/div/form/div[1]/input"}
  (Session info: chrome=103.0.5060.134)
For documentation on this error, please visit: https://selenium.dev/exceptions/#no_such_element
Build info: version: '4.3.0', revision: 'a4995e2c09*'
System info: host: 'ampc41-All-Series', ip: '127.0.1.1', os.name: 'Linux', os.arch: 'amd64', os.version: '5.15.0-41-generic', java.version: '11.0.15'
Driver info: org.openqa.selenium.chrome.ChromeDriver
Command: [5860ae8fc64c2a50354702d10f4afa81, findElement {using=xpath, value=//*[@id="drawer-root"]/div/div[1]/div[1]/div/div/div/form/div[1]/input}]
Capabilities {acceptInsecureCerts: false, browserName: chrome, browserVersion: 103.0.5060.134, chrome: {chromedriverVersion: 103.0.5060.53 (a1711811edd7..., userDataDir: /tmp/.com.google.Chrome.0nFBwK}, goog:chromeOptions: {debuggerAddress: localhost:41277}, networkConnectionEnabled: false, pageLoadStrategy: normal, platformName: LINUX, proxy: Proxy(), se:cdp: ws://localhost:41277/devtoo..., se:cdpVersion: 103.0.5060.134, setWindowRect: true, strictFileInteractability: false, timeouts: {implicit: 0, pageLoad: 300000, script: 30000}, unhandledPromptBehavior: dismiss and notify, webauthn:extension:credBlob: true, webauthn:extension:largeBlob: true, webauthn:virtualAuthenticators: true}
Session ID: 5860ae8fc64c2a50354702d10f4afa81
at org.openqa.selenium.remote.codec.w3c.W3CHttpResponseCodec.createException(W3CHttpResponseCodec.java:200)
at org.openqa.selenium.remote.codec.w3c.W3CHttpResponseCodec.decode(W3CHttpResponseCodec.java:133)
at org.openqa.selenium.remote.codec.w3c.W3CHttpResponseCodec.decode(W3CHttpResponseCodec.java:53)
at org.openqa.selenium.remote.HttpCommandExecutor.execute(HttpCommandExecutor.java:184)
at org.openqa.selenium.remote.service.DriverCommandExecutor.invokeExecute(DriverCommandExecutor.java:167)
at org.openqa.selenium.remote.service.DriverCommandExecutor.execute(DriverCommandExecutor.java:142)
at org.openqa.selenium.remote.RemoteWebDriver.execute(RemoteWebDriver.java:569)
at org.openqa.selenium.remote.ElementLocation$ElementFinder$2.findElement(ElementLocation.java:162)
at org.openqa.selenium.remote.ElementLocation.findElement(ElementLocation.java:60)
at org.openqa.selenium.remote.RemoteWebDriver.findElement(RemoteWebDriver.java:387)
at org.openqa.selenium.remote.RemoteWebDriver.findElement(RemoteWebDriver.java:379)
at org.openqa.selenium.support.pagefactory.DefaultElementLocator.findElement(DefaultElementLocator.java:70)
at org.openqa.selenium.support.pagefactory.internal.LocatingElementHandler.invoke(LocatingElementHandler.java:39)
at com.sun.proxy.$Proxy18.sendKeys(Unknown Source)
at com.app.pages.HomePage.createFlow(HomePage.java:81)
at com.app.testcases.HomePageTest.createFlowTest(HomePageTest.java:70)
at java.base/java.util.ArrayList.forEach(ArrayList.java:1541)
... Removed 31 stack frames]]>
    </failure>
  </testcase> <!-- createFlowTest -->
  <testcase classname="com.app.testcases.flowsPageTest" name="clickonFlowsTest" time="1.348"/>
  <testcase classname="com.app.testcases.flowsPageTest" name="verifyNameflowTest" time="0.937"/>
  <testcase classname="com.app.testcases.flowsPageTest" name="verifyClickOnCreateFlowTest" time="3.85"/>
  <testcase classname="com.app.testcases.flowsPageTest" name="verifycreateFlowNameTest" time="4.262"/>
  <testcase classname="com.app.testcases.datasetPageTest" name="verifyNameDatasetTest" time="0.774"/>
</testsuite> <!-- 99 flows test cases -->
